Traceback (most recent call last):
  File "<frozen runpy>", line 198, in _run_module_as_main
  File "<frozen runpy>", line 88, in _run_code
  File "C:\Users\omaar\Downloads\project\venv\Scripts\uvicorn.exe\__main__.py", line 5, in <module>
    sys.exit(main())
             ~~~~^^
  File "C:\Users\omaar\Downloads\project\venv\Lib\site-packages\click\core.py", line 1524, in __call__
    return self.main(*args, **kwargs)
           ~~~~~~~~~^^^^^^^^^^^^^^^^^
  File "C:\Users\omaar\Downloads\project\venv\Lib\site-packages\click\core.py", line 1445, in main
    rv = self.invoke(ctx)
  File "C:\Users\omaar\Downloads\project\venv\Lib\site-packages\click\core.py", line 1308, in invoke
    return ctx.invoke(self.callback, **ctx.params)
           ~~~~~~~~~~^^^^^^^^^^^^^^^^^^^^^^^^^^^^^
  File "C:\Users\omaar\Downloads\project\venv\Lib\site-packages\click\core.py", line 877, in invoke
    return callback(*args, **kwargs)
  File "C:\Users\omaar\Downloads\project\venv\Lib\site-packages\uvicorn\main.py", line 441, in main
    run(
    ~~~^
        app,
        ^^^^
    ...<48 lines>...
        reset_contextvars=reset_contextvars,
        ^^^^^^^^^^^^^^^^^^^^^^^^^^^^^^^^^^^^
    )
    ^
  File "C:\Users\omaar\Downloads\project\venv\Lib\site-packages\uvicorn\main.py", line 609, in run
    config.load_app()
    ~~~~~~~~~~~~~~~^^
  File "C:\Users\omaar\Downloads\project\venv\Lib\site-packages\uvicorn\config.py", line 415, in load_app
    return import_from_string(self.app)
  File "C:\Users\omaar\Downloads\project\venv\Lib\site-packages\uvicorn\importer.py", line 19, in import_from_string
    module = importlib.import_module(module_str)
  File "C:\Users\omaar\AppData\Local\Python\pythoncore-3.14-64\Lib\importlib\__init__.py", line 88, in import_module
    return _bootstrap._gcd_import(name[level:], package, level)
           ~~~~~~~~~~~~~~~~~~~~~~^^^^^^^^^^^^^^^^^^^^^^^^^^^^^^
  File "<frozen importlib._bootstrap>", line 1406, in _gcd_import
  File "<frozen importlib._bootstrap>", line 1371, in _find_and_load
  File "<frozen importlib._bootstrap>", line 1342, in _find_and_load_unlocked
  File "<frozen importlib._bootstrap>", line 938, in _load_unlocked
  File "<frozen importlib._bootstrap_external>", line 759, in exec_module
  File "<frozen importlib._bootstrap>", line 491, in _call_with_frames_removed
  File "C:\Users\omaar\Downloads\project\src\suspensionlab\backend\api\main.py", line 17, in <module>
    from suspensionlab.backend.api.routes import simulate, optimize, analytics, users, jobs
  File "C:\Users\omaar\Downloads\project\src\suspensionlab\backend\api\routes\optimize.py", line 15, in <module>
    from suspensionlab.backend.security.auth import verify_api_key
  File "C:\Users\omaar\Downloads\project\src\suspensionlab\backend\security\auth.py", line 16, in <module>
    from suspensionlab.backend.security.jwt_utils import decode_access_token
  File "C:\Users\omaar\Downloads\project\src\suspensionlab\backend\security\jwt_utils.py", line 17, in <module>
    SECRET_KEY = get_env_or_fail("JWT_SECRET_KEY", "dev_jwt_secret_12345")
  File "C:\Users\omaar\Downloads\project\src\suspensionlab\backend\config.py", line 13, in get_env_or_fail
    raise ConfigError(
    ...<2 lines>...
    )
suspensionlab.backend.config.ConfigError: Missing required secret JWT_SECRET_KEY in dev environment. Set ENVIRONMENT=DEV explicitly for local development defaults.
